<?xml version="1.0" encoding="UTF-8"?>
<!-- Generated by org.testng.reporters.JUnitReportReporter -->
<testsuite hostname="LAPTOP-3OCSGD33" failures="0" tests="2" name="testcases.TestCase1" time="0.055" errors="0" timestamp="2023-02-26T20:10:22 IST" skipped="0">
  <testcase classname="testcases.TestCase1" name="doUserReg" time="0.046"/>
  <system-out/>
  <testcase classname="testcases.TestCase1" name="dologin" time="0.009"/>
  <system-out/>
</testsuite> <!-- testcases.TestCase1 -->
