<?xml version="1.0" encoding="UTF-8"?>
<!-- Generated by org.testng.reporters.JUnitReportReporter -->
<testsuite hostname="LAPTOP-3OCSGD33" failures="0" tests="1" name="testcases.TestCase2" time="0.033" errors="0" timestamp="2023-02-26T20:22:18 IST" skipped="0">
  <testcase classname="testcases.TestCase2" name="validateTitles" time="0.033"/>
  <system-out/>
</testsuite> <!-- testcases.TestCase2 -->
