<?xml version="1.0" encoding="UTF-8"?>
<!-- Generated by org.testng.reporters.JUnitReportReporter -->
<testsuite hostname="LAPTOP-3OCSGD33" failures="0" tests="2" name="testcases.TestCase1" time="0.017" errors="0" timestamp="2022-12-17T20:10:12 IST" skipped="0">
  <testcase classname="testcases.TestCase1" name="doUserReg" time="0.009"/>
  <system-out/>
  <testcase classname="testcases.TestCase1" name="dologin" time="0.008"/>
  <system-out/>
</testsuite> <!-- testcases.TestCase1 -->
